[INFO] Scanning for projects...
[INFO] 
[INFO] -----------------------< com.skillforge:backend >-----------------------
[INFO] Building backend 0.0.1-SNAPSHOT
[INFO]   from pom.xml
[INFO] --------------------------------[ jar ]---------------------------------
[INFO] 
[INFO] --- clean:3.3.2:clean (default-clean) @ backend ---
[INFO] Deleting F:\infoys_demo\skillforge\backend\target
[INFO] 
[INFO] --- resources:3.3.1:resources (default-resources) @ backend ---
[INFO] Copying 2 resources from src\main\resources to target\classes
[INFO] Copying 0 resource from src\main\resources to target\classes
[INFO] 
[INFO] --- compiler:3.13.0:compile (default-compile) @ backend ---
[INFO] Recompiling the module because of changed source code.
[INFO] Compiling 59 source files with javac [debug parameters release 17] to target\classes
[INFO] /F:/infoys_demo/skillforge/backend/src/main/java/com/skillforge/controllers/QuizController.java: F:\infoys_demo\skillforge\backend\src\main\java\com\skillforge\controllers\QuizController.java uses unchecked or unsafe operations.
[INFO] /F:/infoys_demo/skillforge/backend/src/main/java/com/skillforge/controllers/QuizController.java: Recompile with -Xlint:unchecked for details.
[INFO] -------------------------------------------------------------
[ERROR] COMPILATION ERROR : 
[INFO] -------------------------------------------------------------
[ERROR] /F:/infoys_demo/skillforge/backend/src/main/java/com/skillforge/service/QuizService.java:[113,22] cannot find symbol
  symbol:   method getQuestionType()
  location: variable q of type com.skillforge.model.Question
[ERROR] /F:/infoys_demo/skillforge/backend/src/main/java/com/skillforge/service/QuizService.java:[114,22] cannot find symbol
  symbol:   method getQuestionType()
  location: variable q of type com.skillforge.model.Question
[INFO] 2 errors 
[INFO] -------------------------------------------------------------
[INFO] ------------------------------------------------------------------------
[INFO] BUILD FAILURE
[INFO] ------------------------------------------------------------------------
[INFO] Total time:  4.840 s
[INFO] Finished at: 2026-01-12T23:05:55+05:30
[INFO] ------------------------------------------------------------------------
[ERROR] Failed to execute goal org.apache.maven.plugins:maven-compiler-plugin:3.13.0:compile (default-compile) on project backend: Compilation failure: Compilation failure: 
[ERROR] /F:/infoys_demo/skillforge/backend/src/main/java/com/skillforge/service/QuizService.java:[113,22] cannot find symbol
[ERROR]   symbol:   method getQuestionType()
[ERROR]   location: variable q of type com.skillforge.model.Question
[ERROR] /F:/infoys_demo/skillforge/backend/src/main/java/com/skillforge/service/QuizService.java:[114,22] cannot find symbol
[ERROR]   symbol:   method getQuestionType()
[ERROR]   location: variable q of type com.skillforge.model.Question
[ERROR] -> [Help 1]
[ERROR] 
[ERROR] To see the full stack trace of the errors, re-run Maven with the -e switch.
[ERROR] Re-run Maven using the -X switch to enable full debug logging.
[ERROR] 
[ERROR] For more information about the errors and possible solutions, please read the following articles:
[ERROR] [Help 1] http://cwiki.apache.org/confluence/display/MAVEN/MojoFailureException
